[02-May-2019 14:52:01 UTC] PHP Parse error:  syntax error, unexpected '?>', expecting ',' or ')' in /app/public/wp-content/themes/fictional-university-theme/page.php on line 29
[03-May-2019 23:03:41 UTC] PHP Fatal error:  Uncaught Error: Call to undefined function the_catergory() in /app/public/wp-content/themes/fictional-university-theme/archive.php:8
Stack trace:
#0 /app/public/wp-includes/template-loader.php(77): include()
#1 /app/public/wp-blog-header.php(19): require_once('/app/public/wp-...')
#2 /app/public/index.php(17): require('/app/public/wp-...')
#3 {main}
  thrown in /app/public/wp-content/themes/fictional-university-theme/archive.php on line 8
[03-May-2019 23:11:22 UTC] PHP Fatal error:  Uncaught Error: Call to undefined function the_archive_descritption() in /app/public/wp-content/themes/fictional-university-theme/archive.php:12
Stack trace:
#0 /app/public/wp-includes/template-loader.php(77): include()
#1 /app/public/wp-blog-header.php(19): require_once('/app/public/wp-...')
#2 /app/public/index.php(17): require('/app/public/wp-...')
#3 {main}
  thrown in /app/public/wp-content/themes/fictional-university-theme/archive.php on line 12
[04-May-2019 00:02:36 UTC] PHP Warning:  Use of undefined constant get_the_content - assumed 'get_the_content' (this will throw an Error in a future version of PHP) in /app/public/wp-content/themes/fictional-university-theme/front-page.php on line 64
[04-May-2019 00:02:36 UTC] PHP Warning:  Use of undefined constant get_the_content - assumed 'get_the_content' (this will throw an Error in a future version of PHP) in /app/public/wp-content/themes/fictional-university-theme/front-page.php on line 64
[04-May-2019 00:02:36 UTC] PHP Warning:  Use of undefined constant get_the_content - assumed 'get_the_content' (this will throw an Error in a future version of PHP) in /app/public/wp-content/themes/fictional-university-theme/front-page.php on line 64
[04-May-2019 00:02:36 UTC] PHP Warning:  Use of undefined constant get_the_content - assumed 'get_the_content' (this will throw an Error in a future version of PHP) in /app/public/wp-content/themes/fictional-university-theme/front-page.php on line 64
[04-May-2019 00:02:36 UTC] PHP Warning:  Use of undefined constant get_the_content - assumed 'get_the_content' (this will throw an Error in a future version of PHP) in /app/public/wp-content/themes/fictional-university-theme/front-page.php on line 64
[04-May-2019 00:02:36 UTC] PHP Warning:  Use of undefined constant get_the_content - assumed 'get_the_content' (this will throw an Error in a future version of PHP) in /app/public/wp-content/themes/fictional-university-theme/front-page.php on line 64
[04-May-2019 00:02:36 UTC] PHP Warning:  Use of undefined constant get_the_content - assumed 'get_the_content' (this will throw an Error in a future version of PHP) in /app/public/wp-content/themes/fictional-university-theme/front-page.php on line 64
[04-May-2019 00:02:36 UTC] PHP Warning:  Use of undefined constant get_the_content - assumed 'get_the_content' (this will throw an Error in a future version of PHP) in /app/public/wp-content/themes/fictional-university-theme/front-page.php on line 64
[04-May-2019 00:07:06 UTC] PHP Fatal error:  Uncaught Error: Call to a member function have_posts() on null in /app/public/wp-content/themes/fictional-university-theme/front-page.php:53
Stack trace:
#0 /app/public/wp-includes/template-loader.php(77): include()
#1 /app/public/wp-blog-header.php(19): require_once('/app/public/wp-...')
#2 /app/public/index.php(17): require('/app/public/wp-...')
#3 {main}
  thrown in /app/public/wp-content/themes/fictional-university-theme/front-page.php on line 53
[04-May-2019 00:08:26 UTC] PHP Fatal error:  Uncaught Error: Call to a member function have_posts() on null in /app/public/wp-content/themes/fictional-university-theme/front-page.php:53
Stack trace:
#0 /app/public/wp-includes/template-loader.php(77): include()
#1 /app/public/wp-blog-header.php(19): require_once('/app/public/wp-...')
#2 /app/public/index.php(17): require('/app/public/wp-...')
#3 {main}
  thrown in /app/public/wp-content/themes/fictional-university-theme/front-page.php on line 53
[08-May-2019 16:10:53 UTC] PHP Fatal error:  Uncaught ArgumentCountError: Too few arguments to function register_post_type(), 0 passed in /app/public/wp-content/themes/fictional-university-theme/functions.php on line 24 and at least 1 expected in /app/public/wp-includes/post.php:1343
Stack trace:
#0 /app/public/wp-content/themes/fictional-university-theme/functions.php(24): register_post_type()
#1 /app/public/wp-includes/class-wp-hook.php(286): university_post_types('')
#2 /app/public/wp-includes/class-wp-hook.php(310): WP_Hook->apply_filters(NULL, Array)
#3 /app/public/wp-includes/plugin.php(465): WP_Hook->do_action(Array)
#4 /app/public/wp-settings.php(505): do_action('init')
#5 /app/public/wp-config.php(76): require_once('/app/public/wp-...')
#6 /app/public/wp-load.php(37): require_once('/app/public/wp-...')
#7 /app/public/wp-blog-header.php(13): require_once('/app/public/wp-...')
#8 /app/public/index.php(17): require('/app/public/wp-...')
#9 {main}
  thrown in /app/public/wp-includes/post.php on line 1343
[08-May-2019 16:11:50 UTC] PHP Fatal error:  Uncaught ArgumentCountError: Too few arguments to function register_post_type(), 0 passed in /app/public/wp-content/themes/fictional-university-theme/functions.php on line 24 and at least 1 expected in /app/public/wp-includes/post.php:1343
Stack trace:
#0 /app/public/wp-content/themes/fictional-university-theme/functions.php(24): register_post_type()
#1 /app/public/wp-includes/class-wp-hook.php(286): university_post_types('')
#2 /app/public/wp-includes/class-wp-hook.php(310): WP_Hook->apply_filters(NULL, Array)
#3 /app/public/wp-includes/plugin.php(465): WP_Hook->do_action(Array)
#4 /app/public/wp-settings.php(505): do_action('init')
#5 /app/public/wp-config.php(76): require_once('/app/public/wp-...')
#6 /app/public/wp-load.php(37): require_once('/app/public/wp-...')
#7 /app/public/wp-admin/admin-ajax.php(22): require_once('/app/public/wp-...')
#8 {main}
  thrown in /app/public/wp-includes/post.php on line 1343
[08-May-2019 16:13:55 UTC] PHP Warning:  require(/app/public/wp-includes/class-wp-paused-extensions-storage.php): failed to open stream: No such file or directory in /app/public/wp-settings.php on line 20
[08-May-2019 16:13:55 UTC] PHP Fatal error:  require(): Failed opening required '/app/public/wp-includes/class-wp-paused-extensions-storage.php' (include_path='.:/usr/share/php:/www/wp-content/pear') in /app/public/wp-settings.php on line 20
[08-May-2019 16:13:55 UTC] PHP Warning:  require(/app/public/wp-includes/class-wp-paused-extensions-storage.php): failed to open stream: No such file or directory in /app/public/wp-settings.php on line 20
[08-May-2019 16:13:55 UTC] PHP Fatal error:  require(): Failed opening required '/app/public/wp-includes/class-wp-paused-extensions-storage.php' (include_path='.:/usr/share/php:/www/wp-content/pear') in /app/public/wp-settings.php on line 20
[08-May-2019 16:28:38 UTC] PHP Parse error:  syntax error, unexpected ';', expecting ')' in /app/public/wp-content/themes/fictional-university-theme/functions.php on line 28
[08-May-2019 16:28:39 UTC] PHP Parse error:  syntax error, unexpected ';', expecting ')' in /app/public/wp-content/themes/fictional-university-theme/functions.php on line 28
[08-May-2019 16:28:48 UTC] PHP Parse error:  syntax error, unexpected ';', expecting ')' in /app/public/wp-content/themes/fictional-university-theme/functions.php on line 28
[08-May-2019 22:28:32 UTC] PHP Parse error:  syntax error, unexpected end of file in /app/public/wp-content/themes/fictional-university-theme/front-page.php on line 124
[08-May-2019 22:28:41 UTC] PHP Parse error:  syntax error, unexpected end of file in /app/public/wp-content/themes/fictional-university-theme/front-page.php on line 124
[08-May-2019 22:28:53 UTC] PHP Parse error:  syntax error, unexpected end of file in /app/public/wp-content/themes/fictional-university-theme/front-page.php on line 124
[08-May-2019 22:42:44 UTC] PHP Parse error:  syntax error, unexpected '<', expecting end of file in /app/public/wp-content/themes/fictional-university-theme/front-page.php on line 37
[09-May-2019 16:47:31 UTC] PHP Fatal error:  Uncaught Exception: DateTime::__construct(): Failed to parse time string (15/05/2019) at position 0 (1): Unexpected character in /app/public/wp-content/themes/fictional-university-theme/front-page.php:30
Stack trace:
#0 /app/public/wp-content/themes/fictional-university-theme/front-page.php(30): DateTime->__construct('15/05/2019')
#1 /app/public/wp-includes/template-loader.php(78): include('/app/public/wp-...')
#2 /app/public/wp-blog-header.php(19): require_once('/app/public/wp-...')
#3 /app/public/index.php(17): require('/app/public/wp-...')
#4 {main}
  thrown in /app/public/wp-content/themes/fictional-university-theme/front-page.php on line 30
[09-May-2019 16:48:05 UTC] PHP Fatal error:  Uncaught Exception: DateTime::__construct(): Failed to parse time string (15/05/2019) at position 0 (1): Unexpected character in /app/public/wp-content/themes/fictional-university-theme/front-page.php:30
Stack trace:
#0 /app/public/wp-content/themes/fictional-university-theme/front-page.php(30): DateTime->__construct('15/05/2019')
#1 /app/public/wp-includes/template-loader.php(78): include('/app/public/wp-...')
#2 /app/public/wp-blog-header.php(19): require_once('/app/public/wp-...')
#3 /app/public/index.php(17): require('/app/public/wp-...')
#4 {main}
  thrown in /app/public/wp-content/themes/fictional-university-theme/front-page.php on line 30
[09-May-2019 16:48:06 UTC] PHP Fatal error:  Uncaught Exception: DateTime::__construct(): Failed to parse time string (15/05/2019) at position 0 (1): Unexpected character in /app/public/wp-content/themes/fictional-university-theme/front-page.php:30
Stack trace:
#0 /app/public/wp-content/themes/fictional-university-theme/front-page.php(30): DateTime->__construct('15/05/2019')
#1 /app/public/wp-includes/template-loader.php(78): include('/app/public/wp-...')
#2 /app/public/wp-blog-header.php(19): require_once('/app/public/wp-...')
#3 /app/public/index.php(17): require('/app/public/wp-...')
#4 {main}
  thrown in /app/public/wp-content/themes/fictional-university-theme/front-page.php on line 30
[09-May-2019 16:49:58 UTC] PHP Fatal error:  Uncaught Exception: DateTime::__construct(): Failed to parse time string (15/05/2019) at position 0 (1): Unexpected character in /app/public/wp-content/themes/fictional-university-theme/front-page.php:30
Stack trace:
#0 /app/public/wp-content/themes/fictional-university-theme/front-page.php(30): DateTime->__construct('15/05/2019')
#1 /app/public/wp-includes/template-loader.php(78): include('/app/public/wp-...')
#2 /app/public/wp-blog-header.php(19): require_once('/app/public/wp-...')
#3 /app/public/index.php(17): require('/app/public/wp-...')
#4 {main}
  thrown in /app/public/wp-content/themes/fictional-university-theme/front-page.php on line 30
[09-May-2019 16:51:40 UTC] PHP Fatal error:  Uncaught Exception: DateTime::__construct(): Failed to parse time string (15/05/2019) at position 0 (1): Unexpected character in /app/public/wp-content/themes/fictional-university-theme/front-page.php:30
Stack trace:
#0 /app/public/wp-content/themes/fictional-university-theme/front-page.php(30): DateTime->__construct('15/05/2019')
#1 /app/public/wp-includes/template-loader.php(78): include('/app/public/wp-...')
#2 /app/public/wp-blog-header.php(19): require_once('/app/public/wp-...')
#3 /app/public/index.php(17): require('/app/public/wp-...')
#4 {main}
  thrown in /app/public/wp-content/themes/fictional-university-theme/front-page.php on line 30
[09-May-2019 16:53:05 UTC] PHP Fatal error:  Uncaught Exception: DateTime::__construct(): Failed to parse time string (15/05/2019) at position 0 (1): Unexpected character in /app/public/wp-content/themes/fictional-university-theme/front-page.php:29
Stack trace:
#0 /app/public/wp-content/themes/fictional-university-theme/front-page.php(29): DateTime->__construct('15/05/2019')
#1 /app/public/wp-includes/template-loader.php(78): include('/app/public/wp-...')
#2 /app/public/wp-blog-header.php(19): require_once('/app/public/wp-...')
#3 /app/public/index.php(17): require('/app/public/wp-...')
#4 {main}
  thrown in /app/public/wp-content/themes/fictional-university-theme/front-page.php on line 29
[09-May-2019 16:53:06 UTC] PHP Fatal error:  Uncaught Exception: DateTime::__construct(): Failed to parse time string (15/05/2019) at position 0 (1): Unexpected character in /app/public/wp-content/themes/fictional-university-theme/front-page.php:29
Stack trace:
#0 /app/public/wp-content/themes/fictional-university-theme/front-page.php(29): DateTime->__construct('15/05/2019')
#1 /app/public/wp-includes/template-loader.php(78): include('/app/public/wp-...')
#2 /app/public/wp-blog-header.php(19): require_once('/app/public/wp-...')
#3 /app/public/index.php(17): require('/app/public/wp-...')
#4 {main}
  thrown in /app/public/wp-content/themes/fictional-university-theme/front-page.php on line 29
[09-May-2019 16:53:15 UTC] PHP Fatal error:  Uncaught Exception: DateTime::__construct(): Failed to parse time string (15/05/2019) at position 0 (1): Unexpected character in /app/public/wp-content/themes/fictional-university-theme/front-page.php:30
Stack trace:
#0 /app/public/wp-content/themes/fictional-university-theme/front-page.php(30): DateTime->__construct('15/05/2019')
#1 /app/public/wp-includes/template-loader.php(78): include('/app/public/wp-...')
#2 /app/public/wp-blog-header.php(19): require_once('/app/public/wp-...')
#3 /app/public/index.php(17): require('/app/public/wp-...')
#4 {main}
  thrown in /app/public/wp-content/themes/fictional-university-theme/front-page.php on line 30
[09-May-2019 16:53:23 UTC] PHP Fatal error:  Uncaught Exception: DateTime::__construct(): Failed to parse time string (15/05/2019) at position 0 (1): Unexpected character in /app/public/wp-content/themes/fictional-university-theme/front-page.php:30
Stack trace:
#0 /app/public/wp-content/themes/fictional-university-theme/front-page.php(30): DateTime->__construct('15/05/2019')
#1 /app/public/wp-includes/template-loader.php(78): include('/app/public/wp-...')
#2 /app/public/wp-blog-header.php(19): require_once('/app/public/wp-...')
#3 /app/public/index.php(17): require('/app/public/wp-...')
#4 {main}
  thrown in /app/public/wp-content/themes/fictional-university-theme/front-page.php on line 30
[09-May-2019 16:53:25 UTC] PHP Fatal error:  Uncaught Exception: DateTime::__construct(): Failed to parse time string (15/05/2019) at position 0 (1): Unexpected character in /app/public/wp-content/themes/fictional-university-theme/front-page.php:30
Stack trace:
#0 /app/public/wp-content/themes/fictional-university-theme/front-page.php(30): DateTime->__construct('15/05/2019')
#1 /app/public/wp-includes/template-loader.php(78): include('/app/public/wp-...')
#2 /app/public/wp-blog-header.php(19): require_once('/app/public/wp-...')
#3 /app/public/index.php(17): require('/app/public/wp-...')
#4 {main}
  thrown in /app/public/wp-content/themes/fictional-university-theme/front-page.php on line 30
[09-May-2019 16:54:07 UTC] PHP Fatal error:  Uncaught ArgumentCountError: Too few arguments to function the_field(), 0 passed in /app/public/wp-content/themes/fictional-university-theme/front-page.php on line 30 and at least 1 expected in /app/public/wp-content/plugins/advanced-custom-fields/includes/api/api-template.php:79
Stack trace:
#0 /app/public/wp-content/themes/fictional-university-theme/front-page.php(30): the_field()
#1 /app/public/wp-includes/template-loader.php(78): include('/app/public/wp-...')
#2 /app/public/wp-blog-header.php(19): require_once('/app/public/wp-...')
#3 /app/public/index.php(17): require('/app/public/wp-...')
#4 {main}
  thrown in /app/public/wp-content/plugins/advanced-custom-fields/includes/api/api-template.php on line 79
[09-May-2019 16:54:25 UTC] PHP Fatal error:  Uncaught Exception: DateTime::__construct(): Failed to parse time string (15/05/2019) at position 0 (1): Unexpected character in /app/public/wp-content/themes/fictional-university-theme/front-page.php:30
Stack trace:
#0 /app/public/wp-content/themes/fictional-university-theme/front-page.php(30): DateTime->__construct('15/05/2019')
#1 /app/public/wp-includes/template-loader.php(78): include('/app/public/wp-...')
#2 /app/public/wp-blog-header.php(19): require_once('/app/public/wp-...')
#3 /app/public/index.php(17): require('/app/public/wp-...')
#4 {main}
  thrown in /app/public/wp-content/themes/fictional-university-theme/front-page.php on line 30
[09-May-2019 16:55:19 UTC] PHP Fatal error:  Uncaught Exception: DateTime::__construct(): Failed to parse time string (15/05/2019) at position 0 (1): Unexpected character in /app/public/wp-content/themes/fictional-university-theme/front-page.php:30
Stack trace:
#0 /app/public/wp-content/themes/fictional-university-theme/front-page.php(30): DateTime->__construct('15/05/2019')
#1 /app/public/wp-includes/template-loader.php(78): include('/app/public/wp-...')
#2 /app/public/wp-blog-header.php(19): require_once('/app/public/wp-...')
#3 /app/public/index.php(17): require('/app/public/wp-...')
#4 {main}
  thrown in /app/public/wp-content/themes/fictional-university-theme/front-page.php on line 30
[09-May-2019 16:55:23 UTC] PHP Fatal error:  Uncaught Exception: DateTime::__construct(): Failed to parse time string (15/05/2019) at position 0 (1): Unexpected character in /app/public/wp-content/themes/fictional-university-theme/front-page.php:30
Stack trace:
#0 /app/public/wp-content/themes/fictional-university-theme/front-page.php(30): DateTime->__construct('15/05/2019')
#1 /app/public/wp-includes/template-loader.php(78): include('/app/public/wp-...')
#2 /app/public/wp-blog-header.php(19): require_once('/app/public/wp-...')
#3 /app/public/index.php(17): require('/app/public/wp-...')
#4 {main}
  thrown in /app/public/wp-content/themes/fictional-university-theme/front-page.php on line 30
[09-May-2019 16:56:07 UTC] PHP Fatal error:  Uncaught Exception: DateTime::__construct(): Failed to parse time string (15/05/2019) at position 0 (1): Unexpected character in /app/public/wp-content/themes/fictional-university-theme/front-page.php:30
Stack trace:
#0 /app/public/wp-content/themes/fictional-university-theme/front-page.php(30): DateTime->__construct('15/05/2019')
#1 /app/public/wp-includes/template-loader.php(78): include('/app/public/wp-...')
#2 /app/public/wp-blog-header.php(19): require_once('/app/public/wp-...')
#3 /app/public/index.php(17): require('/app/public/wp-...')
#4 {main}
  thrown in /app/public/wp-content/themes/fictional-university-theme/front-page.php on line 30
[09-May-2019 16:56:47 UTC] PHP Fatal error:  Uncaught Exception: DateTime::__construct(): Failed to parse time string (15/05/2019) at position 0 (1): Unexpected character in /app/public/wp-content/themes/fictional-university-theme/front-page.php:30
Stack trace:
#0 /app/public/wp-content/themes/fictional-university-theme/front-page.php(30): DateTime->__construct('15/05/2019')
#1 /app/public/wp-includes/template-loader.php(78): include('/app/public/wp-...')
#2 /app/public/wp-blog-header.php(19): require_once('/app/public/wp-...')
#3 /app/public/index.php(17): require('/app/public/wp-...')
#4 {main}
  thrown in /app/public/wp-content/themes/fictional-university-theme/front-page.php on line 30
[14-May-2019 19:52:54 UTC] PHP Fatal error:  Uncaught Error: Call to undefined function prin_r() in /app/public/wp-content/themes/fictional-university-theme/single-event.php:32
Stack trace:
#0 /app/public/wp-includes/template-loader.php(78): include()
#1 /app/public/wp-blog-header.php(19): require_once('/app/public/wp-...')
#2 /app/public/index.php(17): require('/app/public/wp-...')
#3 {main}
  thrown in /app/public/wp-content/themes/fictional-university-theme/single-event.php on line 32
[14-May-2019 20:06:04 UTC] PHP Parse error:  syntax error, unexpected end of file in /app/public/wp-content/themes/fictional-university-theme/single-event.php on line 45
[14-May-2019 20:06:20 UTC] PHP Parse error:  syntax error, unexpected end of file in /app/public/wp-content/themes/fictional-university-theme/single-event.php on line 45
[14-May-2019 20:06:21 UTC] PHP Parse error:  syntax error, unexpected end of file in /app/public/wp-content/themes/fictional-university-theme/single-event.php on line 45
[14-May-2019 20:06:43 UTC] PHP Parse error:  syntax error, unexpected end of file in /app/public/wp-content/themes/fictional-university-theme/single-event.php on line 45
[14-May-2019 20:09:40 UTC] PHP Parse error:  syntax error, unexpected end of file in /app/public/wp-content/themes/fictional-university-theme/single-event.php on line 45
[14-May-2019 20:09:41 UTC] PHP Parse error:  syntax error, unexpected end of file in /app/public/wp-content/themes/fictional-university-theme/single-event.php on line 45
[14-May-2019 20:10:54 UTC] PHP Parse error:  syntax error, unexpected end of file in /app/public/wp-content/themes/fictional-university-theme/single-event.php on line 47
[14-May-2019 20:10:57 UTC] PHP Parse error:  syntax error, unexpected end of file in /app/public/wp-content/themes/fictional-university-theme/single-event.php on line 47
[14-May-2019 20:11:03 UTC] PHP Parse error:  syntax error, unexpected end of file in /app/public/wp-content/themes/fictional-university-theme/single-event.php on line 46
[14-May-2019 20:11:10 UTC] PHP Parse error:  syntax error, unexpected end of file in /app/public/wp-content/themes/fictional-university-theme/single-event.php on line 45
[14-May-2019 20:11:23 UTC] PHP Parse error:  syntax error, unexpected end of file in /app/public/wp-content/themes/fictional-university-theme/single-event.php on line 45
[14-May-2019 20:11:35 UTC] PHP Parse error:  syntax error, unexpected end of file in /app/public/wp-content/themes/fictional-university-theme/single-event.php on line 45
[14-May-2019 20:12:07 UTC] PHP Parse error:  syntax error, unexpected end of file in /app/public/wp-content/themes/fictional-university-theme/single-event.php on line 45
[14-May-2019 20:12:19 UTC] PHP Parse error:  syntax error, unexpected end of file in /app/public/wp-content/themes/fictional-university-theme/single-event.php on line 47
[14-May-2019 20:12:31 UTC] PHP Parse error:  syntax error, unexpected end of file in /app/public/wp-content/themes/fictional-university-theme/single-event.php on line 45
[14-May-2019 20:12:35 UTC] PHP Parse error:  syntax error, unexpected end of file in /app/public/wp-content/themes/fictional-university-theme/single-event.php on line 44
[14-May-2019 20:12:41 UTC] PHP Parse error:  syntax error, unexpected end of file in /app/public/wp-content/themes/fictional-university-theme/single-event.php on line 43
[14-May-2019 20:13:08 UTC] PHP Parse error:  syntax error, unexpected end of file in /app/public/wp-content/themes/fictional-university-theme/single-event.php on line 45
[14-May-2019 20:16:34 UTC] PHP Parse error:  syntax error, unexpected '<' in /app/public/wp-content/themes/fictional-university-theme/single-event.php on line 35
[14-May-2019 20:17:10 UTC] PHP Parse error:  syntax error, unexpected end of file in /app/public/wp-content/themes/fictional-university-theme/single-event.php on line 43
[14-May-2019 20:18:56 UTC] PHP Parse error:  syntax error, unexpected end of file in /app/public/wp-content/themes/fictional-university-theme/single-event.php on line 43
[15-May-2019 15:38:01 UTC] PHP Warning:  Use of undefined constant title - assumed 'title' (this will throw an Error in a future version of PHP) in /app/public/wp-content/themes/fictional-university-theme/functions.php on line 25
[15-May-2019 15:38:01 UTC] PHP Warning:  Use of undefined constant ASC - assumed 'ASC' (this will throw an Error in a future version of PHP) in /app/public/wp-content/themes/fictional-university-theme/functions.php on line 26
[15-May-2019 15:56:10 UTC] PHP Warning:  Use of undefined constant title - assumed 'title' (this will throw an Error in a future version of PHP) in /app/public/wp-content/themes/fictional-university-theme/functions.php on line 25
[15-May-2019 15:56:10 UTC] PHP Warning:  Use of undefined constant ASC - assumed 'ASC' (this will throw an Error in a future version of PHP) in /app/public/wp-content/themes/fictional-university-theme/functions.php on line 26
[15-May-2019 15:56:35 UTC] PHP Warning:  Use of undefined constant title - assumed 'title' (this will throw an Error in a future version of PHP) in /app/public/wp-content/themes/fictional-university-theme/functions.php on line 25
[15-May-2019 15:56:35 UTC] PHP Warning:  Use of undefined constant ASC - assumed 'ASC' (this will throw an Error in a future version of PHP) in /app/public/wp-content/themes/fictional-university-theme/functions.php on line 26
[15-May-2019 15:57:06 UTC] PHP Warning:  Use of undefined constant ASC - assumed 'ASC' (this will throw an Error in a future version of PHP) in /app/public/wp-content/themes/fictional-university-theme/functions.php on line 26
[15-May-2019 19:07:04 UTC] PHP Parse error:  syntax error, unexpected '}', expecting end of file in /app/public/wp-content/themes/fictional-university-theme/single-program.php on line 101
[15-May-2019 20:57:04 UTC] PHP Parse error:  syntax error, unexpected '<' in /app/public/wp-content/themes/fictional-university-theme/single-program.php on line 109
